[2021/02/04 06:51:00] Win Streak 3 Lose Streak 13 | Balance 0.21361976 Profit 0.0004752
[2021/02/04 07:19:38] Win Streak 15 Lose Streak 4 | Balance 0.21295585 Profit -0.00060869
[2021/02/04 07:28:53] Win Streak 77 Lose Streak 2 | Balance 0.21172007 Profit -0.00141236
[2021/02/04 07:32:29] Win Streak 34 Lose Streak 1 | Balance 0.21411131 Profit 0.00225944
[2021/02/04 07:33:53] Win Streak 47 Lose Streak 1 | Balance 0.21821595 Profit 0.00397284
[2021/02/04 07:35:27] Win Streak 22 Lose Streak 1 | Balance 0.21902559 Profit 0.00067784
[2021/02/04 07:39:11] Win Streak 53 Lose Streak 1 | Balance 0.23009687 Profit 0.01093948
[2021/02/04 07:42:29] Win Streak 48 Lose Streak 1 | Balance 0.23490195 Profit 0.00454148
[2021/02/04 07:51:04] Win Streak 30 Lose Streak 1 | Balance 0.22470952 Profit 0.03031747
[2021/02/04 08:17:48] Win Streak 45 Lose Streak 2 | Balance 0.2740559 Profit 0.03374153
[2021/02/04 09:08:48] Win Streak 1 Lose Streak 17 | Balance 0.31496592 Profit -2.458e-05
[2021/02/04 09:12:10] Win Streak 1 Lose Streak 33 | Balance 0.31486676 Profit -7.916e-05
[2021/02/04 09:14:12] Win Streak 1 Lose Streak 11 | Balance 0.31500489 Profit 1.542e-05
[2021/02/04 09:15:10] Win Streak 0 Lose Streak 1 | Balance 0.31497489 Profit -1e-05
[2021/02/04 09:15:34] Win Streak 0 Lose Streak 1 | Balance 0.31495489 Profit -1e-05
[2021/02/04 09:16:13] Win Streak 0 Lose Streak 1 | Balance 0.31493489 Profit -1e-05
[2021/02/04 09:21:11] Win Streak 1 Lose Streak 18 | Balance 0.31553657 Profit 0.00061168
[2021/02/04 09:24:11] Win Streak 1 Lose Streak 31 | Balance 0.3006898 Profit -0.01446948
[2021/02/04 09:25:59] Win Streak 1 Lose Streak 34 | Balance 0.29853408 Profit -0.00154572
[2021/02/04 09:28:16] Win Streak 0 Lose Streak 39 | Balance 0.29443408 Profit -0.0039
[2021/02/04 14:04:15] Win Streak 23 Lose Streak 3 | Balance 0.62026953 Profit -0.00193924
[2021/02/04 14:11:29] Win Streak 16 Lose Streak 3 | Balance 0.62036385 Profit 0.00041904
[2021/02/04 14:13:22] Win Streak 27 Lose Streak 2 | Balance 0.62056045 Profit 0.00060896
[2021/02/04 14:52:12] Win Streak 23 Lose Streak 3 | Balance 0.87846764 Profit 0.03950519
[2021/02/04 14:57:55] Win Streak 30 Lose Streak 2 | Balance 0.88688412 Profit 0.00832884
[2021/02/04 14:58:33] Win Streak 0 Lose Streak 0 | Balance 0.88647176 Profit -0.0005
[2021/02/04 14:59:01] Win Streak 0 Lose Streak 0 | Balance 0.88664704 Profit 8.764e-05
[2021/02/04 15:01:40] Win Streak 0 Lose Streak 0 | Balance 0.88682232 Profit 8.764e-05
[2021/02/04 15:05:34] Win Streak 0 Lose Streak 0 | Balance 0.8869976 Profit 8.764e-05
[2021/02/04 15:45:38] Win Streak 46 Lose Streak 3 | Balance 0.97223248 Profit 0.08514724
[2021/02/04 15:57:48] Win Streak 29 Lose Streak 3 | Balance 0.98714148 Profit 0.015409
[2021/02/04 20:27:17] Win Streak 34 Lose Streak 3 | Balance 1.04669056 Profit 0.0593738
[2021/02/04 20:28:32] Win Streak 9 Lose Streak 4 | Balance 1.0433962 Profit -0.00355729
[2021/02/04 20:35:05] Win Streak 21 Lose Streak 2 | Balance 1.06298143 Profit 0.01923465
[2021/02/04 21:19:27] Win Streak 15 Lose Streak 1 | Balance 0.89820265 Profit 0.00428335
[2021/02/04 21:25:02] Win Streak 34 Lose Streak 3 | Balance 0.91837563 Profit 0.01985746
[2021/02/04 21:31:55] Win Streak 19 Lose Streak 2 | Balance 0.98758079 Profit 0.06986493
[2021/02/04 21:52:03] Win Streak 25 Lose Streak 3 | Balance 1.36119939 Profit 0.66677923
[2021/02/04 21:53:26] Win Streak 13 Lose Streak 1 | Balance 1.4015356 Profit 0.039905
[2021/02/04 22:05:03] Win Streak 19 Lose Streak 3 | Balance 1.7487824 Profit 0.74239594
[2021/02/04 22:49:16] Win Streak 14 Lose Streak 2 | Balance 1.74901285 Profit 8.3e-07
[2021/02/04 22:52:03] Win Streak 10 Lose Streak 2 | Balance 1.74434466 Profit -0.00424758
[2021/02/04 22:54:00] Win Streak 11 Lose Streak 2 | Balance 1.74201575 Profit -0.0019083
[2021/02/04 22:58:11] Win Streak 21 Lose Streak 2 | Balance 1.7422143 Profit 0.0001004
[2021/02/04 22:59:43] Win Streak 6 Lose Streak 2 | Balance 1.74212818 Profit -4.488e-05
[2021/02/04 23:18:39] Win Streak 1 Lose Streak 50 | Balance 9.28610609 Profit 7.54396916
[2021/02/05 05:48:46] Win Streak 0 Lose Streak 5 | Balance 9.28130608 Profit -0.004
[2021/02/05 06:12:52] Win Streak 5 Lose Streak 1 | Balance 5.96632595 Profit 0.0003534
[2021/02/05 06:15:02] Win Streak 9 Lose Streak 2 | Balance 6.18984596 Profit 0.22512001
[2021/02/05 06:18:01] Win Streak 7 Lose Streak 1 | Balance 6.20394975 Profit 0.01382333
[2021/02/05 06:44:03] Win Streak 2 Lose Streak 59 | Balance 6.21030143 Profit 0.00621146
[2021/02/05 06:48:31] Win Streak 0 Lose Streak 12 | Balance 2.32287524 Profit -0.0096
[2021/02/05 07:13:17] Win Streak 27 Lose Streak 2 | Balance 4.48184681 Profit 1.12147277
[2021/02/05 07:30:44] Win Streak 21 Lose Streak 3 | Balance 12.12115291 Profit 4.04540415
[2021/02/05 07:56:44] Win Streak 77 Lose Streak 3 | Balance 20.14548302 Profit 8.02422845
[2021/02/05 08:09:35] Win Streak 29 Lose Streak 2 | Balance 20.31331236 Profit 0.1678013
[2021/02/05 08:15:12] Win Streak 14 Lose Streak 5 | Balance 31.36606451 Profit 11.0526461
[2021/02/05 12:47:40] Win Streak 2 Lose Streak 58 | Balance 1.55493062 Profit -0.00144258
[2021/02/05 12:54:58] Win Streak 2 Lose Streak 40 | Balance 1.59275983 Profit 0.03782923
[2021/02/05 12:58:25] Win Streak 3 Lose Streak 33 | Balance 1.61720907 Profit 0.02444926
[2021/02/05 13:10:22] Win Streak 1 Lose Streak 39 | Balance 3.06804962 Profit 1.45084057
[2021/02/05 13:20:47] Win Streak 1 Lose Streak 42 | Balance 7.41622082 Profit 4.34817122
[2021/02/05 13:28:26] Win Streak 2 Lose Streak 30 | Balance 0.46841225 Profit 0.39599904
[2021/02/05 13:56:04] Win Streak 43 Lose Streak 3 | Balance 0.04160105 Profit 0.018036
[2021/02/05 14:16:04] Win Streak 2 Lose Streak 1 | Balance 0.00299292 Profit -0.0027865
[2021/02/05 14:36:25] Win Streak 38 Lose Streak 2 | Balance 0.02084765 Profit 0.01524303
[2021/02/05 15:00:31] Win Streak 44 Lose Streak 2 | Balance 0.02222977 Profit 0.00136452
[2021/02/05 15:06:25] Win Streak 34 Lose Streak 2 | Balance 0.02723357 Profit 0.004973
[2021/02/05 15:09:26] Win Streak 18 Lose Streak 2 | Balance 0.02659557 Profit -0.000682
[2021/02/05 15:13:23] Win Streak 20 Lose Streak 2 | Balance 0.02943907 Profit 0.0027995
[2021/02/05 15:15:52] Win Streak 28 Lose Streak 2 | Balance 0.02812507 Profit -0.001501
[2021/02/05 15:17:52] Win Streak 15 Lose Streak 1 | Balance 0.02839807 Profit 9.7e-05
[2021/02/05 15:19:36] Win Streak 15 Lose Streak 1 | Balance 0.02835007 Profit 4.1e-05
[2021/02/05 15:21:06] Win Streak 1 Lose Streak 0 | Balance 0.02838307 Profit 1.1e-05
[2021/02/05 15:21:24] Win Streak 0 Lose Streak 1 | Balance 0.02829407 Profit -0.0001
[2021/02/05 15:22:23] Win Streak 1 Lose Streak 0 | Balance 0.02831607 Profit 1.1e-05
[2021/02/05 15:22:41] Win Streak 1 Lose Streak 0 | Balance 0.02833807 Profit 1.1e-05
[2021/02/05 15:23:32] Win Streak 1 Lose Streak 0 | Balance 0.02833829 Profit 1.1e-07
[2021/02/05 15:24:15] Win Streak 0 Lose Streak 1 | Balance 0.0282395 Profit -0.000111
[2021/02/05 15:25:27] Win Streak 1 Lose Streak 0 | Balance 0.02826392 Profit 1.221e-05
[2021/02/05 15:26:17] Win Streak 0 Lose Streak 1 | Balance 0.02804192 Profit -0.000111
[2021/02/05 15:27:20] Win Streak 0 Lose Streak 1 | Balance 0.03281992 Profit -0.000111
[2021/02/05 15:28:25] Win Streak 0 Lose Streak 1 | Balance 0.03271992 Profit -5e-05
[2021/02/05 15:28:57] Win Streak 0 Lose Streak 1 | Balance 0.03261992 Profit -5e-05
[2021/02/05 17:17:03] Win Streak 19 Lose Streak 2 | Balance 0.02189078 Profit 0.000459
[2021/02/05 17:20:43] Win Streak 24 Lose Streak 2 | Balance 0.02253278 Profit 0.000609
[2021/02/05 17:21:56] Win Streak 13 Lose Streak 1 | Balance 0.02285778 Profit 0.000303
[2021/02/05 17:24:06] Win Streak 54 Lose Streak 1 | Balance 0.02339378 Profit 0.000514
[2021/02/05 17:27:38] Win Streak 19 Lose Streak 2 | Balance 0.04288478 Profit 0.025265
[2021/02/05 18:33:51] Win Streak 59 Lose Streak 3 | Balance 0.5772101 Profit 0.36499447
[2021/02/05 18:49:46] Win Streak 48 Lose Streak 2 | Balance 0.67785835 Profit 0.10062625
[2021/02/05 19:06:02] Win Streak 27 Lose Streak 2 | Balance 0.46470821 Profit 0.08777625
[2021/02/05 19:09:58] Win Streak 0 Lose Streak 0 | Balance 0.38009058 Profit 0.0
[2021/02/05 19:14:50] Win Streak 28 Lose Streak 2 | Balance 0.40023558 Profit 0.0513465
[2021/02/05 19:20:35] Win Streak 29 Lose Streak 1 | Balance 0.42951933 Profit 0.00673
[2021/02/05 19:23:47] Win Streak 0 Lose Streak 5 | Balance 0.26348821 Profit -5e-05
[2021/02/05 19:32:43] Win Streak 8 Lose Streak 4 | Balance 0.23860047 Profit 0.1139863
[2021/02/05 19:40:19] Win Streak 10 Lose Streak 4 | Balance 0.38888241 Profit 0.15026864
[2021/02/05 19:56:41] Win Streak 13 Lose Streak 7 | Balance 0.93862922 Profit 0.54979016
[2021/02/05 20:12:21] Win Streak 6 Lose Streak 4 | Balance 1.24482975 Profit 0.30625053
[2021/02/05 20:25:28] Win Streak 9 Lose Streak 5 | Balance 1.99383314 Profit 0.74902014
[2021/02/05 20:41:03] Win Streak 12 Lose Streak 10 | Balance 2.2317179 Profit 0.23790151
[2021/02/05 20:47:23] Win Streak 9 Lose Streak 4 | Balance 0.17348964 Profit 0.02283386
[2021/02/05 22:05:43] Win Streak 6 Lose Streak 2 | Balance 0.00859523 Profit 0.00331654
[2021/02/05 22:09:23] Win Streak 6 Lose Streak 4 | Balance 0.00749612 Profit -0.00109711
[2021/02/05 22:10:53] Win Streak 4 Lose Streak 3 | Balance 0.00749536 Profit -4.2e-07
[2021/02/05 22:14:18] Win Streak 6 Lose Streak 4 | Balance 0.01568932 Profit 0.00630468
[2021/02/05 22:23:54] Win Streak 0 Lose Streak 0 | Balance 0.00358171 Profit 0.0
[2021/02/05 22:45:01] Win Streak 36 Lose Streak 1 | Balance 0.00688379 Profit 0.00134649
[2021/02/05 22:52:15] Win Streak 33 Lose Streak 1 | Balance 0.02261891 Profit 0.00484872
[2021/02/05 22:55:30] Win Streak 21 Lose Streak 1 | Balance 0.02571719 Profit 0.00309819
[2021/02/05 22:56:59] Win Streak 16 Lose Streak 0 | Balance 0.02657841 Profit 0.00086104
[2021/02/05 22:58:46] Win Streak 64 Lose Streak 0 | Balance 0.02804473 Profit 0.00145645
[2021/02/05 23:14:29] Win Streak 40 Lose Streak 2 | Balance 0.05427146 Profit 0.02473203
[2021/02/06 06:39:38] Win Streak 66 Lose Streak 2 | Balance 0.0371432 Profit 0.0160812
[2021/02/06 07:31:54] Win Streak 71 Lose Streak 2 | Balance 0.12136277 Profit 0.07416091
[2021/02/06 07:35:41] Win Streak 35 Lose Streak 2 | Balance 0.12793355 Profit 0.00646321
[2021/02/06 07:39:01] Win Streak 38 Lose Streak 2 | Balance 0.13891168 Profit 0.010851
[2021/02/06 07:42:16] Win Streak 17 Lose Streak 1 | Balance 0.14277201 Profit 0.00912589
[2021/02/06 07:50:05] Win Streak 30 Lose Streak 1 | Balance 0.22607735 Profit 0.00476243
[2021/02/06 07:54:09] Win Streak 51 Lose Streak 2 | Balance 0.24772091 Profit 0.02144796
[2021/02/06 07:56:28] Win Streak 36 Lose Streak 1 | Balance 0.31307055 Profit 0.06427382
[2021/02/06 07:57:20] Win Streak 0 Lose Streak 0 | Balance 0.27184187 Profit 0.00097802
[2021/02/06 07:58:24] Win Streak 48 Lose Streak 0 | Balance 0.3222099 Profit 0.04939001
[2021/02/06 08:24:58] Win Streak 34 Lose Streak 0 | Balance 0.03540667 Profit 0.00704168
[2021/02/06 09:00:57] Win Streak 12 Lose Streak 4 | Balance 0.06719061 Profit 0.05371273
[2021/02/06 09:36:33] Win Streak 8 Lose Streak 4 | Balance 0.01717383 Profit 0.01533276
[2021/02/06 13:57:25] Win Streak 4 Lose Streak 1 | Balance 0.03172618 Profit -0.00329548
[2021/02/06 14:05:48] Win Streak 15 Lose Streak 5 | Balance 0.03000856 Profit -0.00160304
[2021/02/06 14:19:36] Win Streak 16 Lose Streak 4 | Balance 0.03157964 Profit 0.00168566
[2021/02/06 14:25:04] Win Streak 11 Lose Streak 6 | Balance 0.02365562 Profit -0.00780944
[2021/02/06 15:00:09] Win Streak 14 Lose Streak 4 | Balance 0.03356517 Profit 0.00973799
[2021/02/06 15:14:46] Win Streak 14 Lose Streak 4 | Balance 0.03297566 Profit -0.00576035
[2021/02/06 15:57:06] Win Streak 18 Lose Streak 8 | Balance 0.03643462 Profit 0.00365896
[2021/02/06 17:06:24] Win Streak 22 Lose Streak 6 | Balance 0.05792989 Profit 0.02132443
[2021/02/06 17:08:20] Win Streak 6 Lose Streak 3 | Balance 0.05734002 Profit -0.00014786
[2021/02/06 18:05:19] Win Streak 13 Lose Streak 3 | Balance 0.03619054 Profit 0.01535392
[2021/02/06 18:24:03] Win Streak 20 Lose Streak 4 | Balance 0.07387939 Profit 0.05062444
[2021/02/06 19:58:00] Win Streak 1 Lose Streak 18 | Balance 0.00837965 Profit -0.00237644
[2021/02/06 20:00:30] Win Streak 0 Lose Streak 25 | Balance 0.01337636 Profit -3.27e-06
[2021/02/06 20:02:17] Win Streak 1 Lose Streak 20 | Balance 0.0135153 Profit 0.00013895
[2021/02/06 20:11:55] Win Streak 2 Lose Streak 10 | Balance 0.00627445 Profit 0.00046743
[2021/02/06 20:25:17] Win Streak 2 Lose Streak 34 | Balance 0.02210456 Profit 0.01320724
[2021/02/06 20:50:41] Win Streak 5 Lose Streak 31 | Balance 0.03326338 Profit 0.01116082
[2021/02/06 20:58:05] Win Streak 2 Lose Streak 21 | Balance 0.01653298 Profit 0.01557312
[2021/02/06 21:20:09] Win Streak 3 Lose Streak 19 | Balance 0.02817347 Profit 0.02649726
[2021/02/06 21:26:09] Win Streak 1 Lose Streak 18 | Balance 0.00985189 Profit 0.00239746
[2021/02/06 21:41:42] Win Streak 0 Lose Streak 0 | Balance 0.00675257 Profit 0.0
[2021/02/06 21:44:55] Win Streak 0 Lose Streak 1 | Balance 0.0003548 Profit -1e-05
[2021/02/06 21:55:46] Win Streak 7 Lose Streak 5 | Balance 0.01021487 Profit 0.00511
[2021/02/06 22:02:25] Win Streak 2 Lose Streak 15 | Balance 0.02617061 Profit 0.01595574
[2021/02/06 23:08:18] Win Streak 2 Lose Streak 17 | Balance 0.03206538 Profit 0.03141706
[2021/02/06 23:20:25] Win Streak 0 Lose Streak 0 | Balance 0.00499366 Profit 0.0
[2021/02/06 23:49:39] Win Streak 2 Lose Streak 16 | Balance 0.01361885 Profit 0.00864519
[2021/02/07 06:18:18] Win Streak 3 Lose Streak 17 | Balance 0.01698379 Profit 0.00347259
[2021/02/07 06:24:32] Win Streak 3 Lose Streak 16 | Balance 0.02418589 Profit 0.00729022
[2021/02/07 06:52:28] Win Streak 15 Lose Streak 2 | Balance 0.00584506 Profit -0.00034397
[2021/02/07 06:56:56] Win Streak 24 Lose Streak 2 | Balance 0.00992627 Profit 0.00019756
[2021/02/07 07:04:56] Win Streak 33 Lose Streak 2 | Balance 0.01566696 Profit 0.00082587
[2021/02/07 07:20:03] Win Streak 7 Lose Streak 0 | Balance 0.01445051 Profit 0.00103789
[2021/02/07 07:21:51] Win Streak 28 Lose Streak 1 | Balance 0.01705329 Profit 0.00238032
[2021/02/07 07:28:37] Win Streak 100 Lose Streak 2 | Balance 0.02841876 Profit 0.01121709
[2021/02/07 07:30:47] Win Streak 38 Lose Streak 1 | Balance 0.0325102 Profit 0.00394306
[2021/02/07 07:32:32] Win Streak 17 Lose Streak 2 | Balance 0.02874005 Profit -0.00391853
[2021/02/07 07:40:56] Win Streak 62 Lose Streak 2 | Balance 0.03527357 Profit 0.00638514
[2021/02/07 07:45:14] Win Streak 12 Lose Streak 1 | Balance 0.03738556 Profit -0.00010972
[2021/02/07 08:32:03] Win Streak 65 Lose Streak 2 | Balance 0.0672848 Profit 0.04231282
[2021/02/07 08:51:12] Win Streak 51 Lose Streak 2 | Balance 0.05753373 Profit -0.00982526
[2021/02/07 08:56:08] Win Streak 68 Lose Streak 2 | Balance 0.03140033 Profit -0.02520759
[2021/02/07 10:32:34] Win Streak 1 Lose Streak 0 | Balance 0.00562229 Profit 7.419e-05
[2021/02/07 10:50:12] Win Streak 32 Lose Streak 1 | Balance 0.01328711 Profit 0.00758322
[2021/02/07 11:01:57] Win Streak 46 Lose Streak 2 | Balance 0.03366699 Profit 0.00518699
[2021/02/07 11:05:12] Win Streak 12 Lose Streak 2 | Balance 0.01840388 Profit -0.01532987
[2021/02/07 11:22:22] Win Streak 54 Lose Streak 2 | Balance 0.02770146 Profit 0.01073162
[2021/02/07 11:27:45] Win Streak 73 Lose Streak 2 | Balance 0.03177779 Profit 0.00395763
[2021/02/07 11:29:13] Win Streak 9 Lose Streak 1 | Balance 0.03251352 Profit 0.00061703
[2021/02/07 11:31:39] Win Streak 25 Lose Streak 1 | Balance 0.03416303 Profit 0.00153081
[2021/02/07 11:33:13] Win Streak 8 Lose Streak 2 | Balance 0.02569067 Profit -0.00859106
[2021/02/07 11:36:27] Win Streak 11 Lose Streak 1 | Balance 0.03989412 Profit 0.00998862
[2021/02/07 11:37:59] Win Streak 6 Lose Streak 0 | Balance 0.0403244 Profit 0.0003561
[2021/02/07 11:42:11] Win Streak 11 Lose Streak 0 | Balance 0.02682732 Profit 0.00269906
[2021/02/07 11:52:28] Win Streak 22 Lose Streak 1 | Balance 0.01250525 Profit 0.00022256
[2021/02/07 11:54:17] Win Streak 17 Lose Streak 1 | Balance 0.01340014 Profit 0.00085335
[2021/02/07 11:55:33] Win Streak 8 Lose Streak 1 | Balance 0.01342152 Profit -6.096e-05
[2021/02/07 11:56:31] Win Streak 16 Lose Streak 1 | Balance 0.01381342 Profit 0.00030956
[2021/02/07 12:00:48] Win Streak 92 Lose Streak 2 | Balance 0.02974152 Profit 0.01584576
[2021/02/07 12:09:30] Win Streak 0 Lose Streak 0 | Balance 0.01473515 Profit 4.117e-05
[2021/02/07 12:10:35] Win Streak 7 Lose Streak 2 | Balance 0.01630915 Profit 0.00153283
[2021/02/07 16:37:30] Win Streak 1 Lose Streak 107 | Balance 0.05834586 Profit 0.02820137
[2021/02/07 16:41:31] Win Streak 1 Lose Streak 70 | Balance 0.0633887 Profit 0.00504296
[2021/02/07 17:02:45] Win Streak 2 Lose Streak 44 | Balance 0.09805021 Profit 0.02966173
[2021/02/07 17:16:59] Win Streak 1 Lose Streak 62 | Balance 0.10562554 Profit 0.00758655
[2021/02/07 17:26:16] Win Streak 2 Lose Streak 42 | Balance 0.11066999 Profit 0.00506667
[2021/02/07 17:32:02] Win Streak 1 Lose Streak 34 | Balance 0.11823636 Profit 0.00758859
[2021/02/07 19:01:44] Win Streak 2 Lose Streak 65 | Balance 0.67183348 Profit 0.55361934
[2021/02/07 19:02:32] Win Streak 0 Lose Streak 5 | Balance 0.67176682 Profit -5.555e-05
[2021/02/07 21:21:33] Win Streak 2 Lose Streak 81 | Balance 1.56222196 Profit 0.89047736
[2021/02/07 21:29:42] Win Streak 1 Lose Streak 98 | Balance 1.82679975 Profit 0.26460001
[2021/02/07 21:38:07] Win Streak 0 Lose Streak 0 | Balance 0.06795441 Profit 0.0
[2021/02/07 21:50:45] Win Streak 0 Lose Streak 14 | Balance 0.00288413 Profit -0.00015554
[2021/02/07 22:14:26] Win Streak 1 Lose Streak 40 | Balance 0.01268505 Profit 0.00769081
[2021/02/07 22:18:05] Win Streak 1 Lose Streak 17 | Balance 0.00163405 Profit 4.9e-05
[2021/02/07 22:19:37] Win Streak 1 Lose Streak 1 | Balance 0.00248305 Profit 0.000899
[2021/02/07 22:26:50] Win Streak 1 Lose Streak 17 | Balance 0.0058038 Profit 0.005049
[2021/02/07 22:33:55] Win Streak 1 Lose Streak 39 | Balance 0.0149468 Profit 0.009243
[2021/02/07 22:39:25] Win Streak 1 Lose Streak 30 | Balance 0.0207408 Profit 0.005844
[2021/02/07 22:41:48] Win Streak 1 Lose Streak 13 | Balance 0.0253568 Profit 0.004716
[2021/02/07 22:44:07] Win Streak 2 Lose Streak 8 | Balance 0.0261548 Profit 0.000848
[2021/02/08 06:19:54] Win Streak 4 Lose Streak 18 | Balance 0.1029245 Profit 0.0768697
[2021/02/08 07:44:01] Win Streak 3 Lose Streak 36 | Balance 0.16146992 Profit 0.05831242
[2021/02/08 08:18:18] Win Streak 3 Lose Streak 27 | Balance 0.22261773 Profit 0.06124781
[2021/02/08 08:27:33] Win Streak 0 Lose Streak 3 | Balance 0.22236773 Profit -0.00015
[2021/02/08 08:44:12] Win Streak 1 Lose Streak 16 | Balance 0.22552033 Profit 0.0026366
[2021/02/08 09:19:53] Win Streak 3 Lose Streak 32 | Balance 0.23130444 Profit 0.00662752
[2021/02/08 09:47:21] Win Streak 1 Lose Streak 4 | Balance 0.23078744 Profit 3.3e-05
[2021/02/08 10:50:04] Win Streak 4 Lose Streak 29 | Balance 0.27230832 Profit 0.04162088
[2021/02/08 10:59:56] Win Streak 4 Lose Streak 25 | Balance 0.28038021 Profit 0.00783889
[2021/02/08 11:01:32] Win Streak 2 Lose Streak 7 | Balance 0.28644861 Profit 0.003062
[2021/02/08 11:03:18] Win Streak 4 Lose Streak 10 | Balance 0.28957136 Profit 0.00288975
[2021/02/08 12:03:11] Win Streak 3 Lose Streak 37 | Balance 0.30754756 Profit 0.0180262
[2021/02/08 12:07:29] Win Streak 3 Lose Streak 20 | Balance 0.30557234 Profit -0.00220822
[2021/02/08 12:23:18] Win Streak 3 Lose Streak 31 | Balance 0.32046143 Profit 0.01493909
[2021/02/08 14:04:18] Win Streak 4 Lose Streak 35 | Balance 0.38570293 Profit 0.0650085
[2021/02/08 14:13:06] Win Streak 2 Lose Streak 29 | Balance 0.38667243 Profit 0.0010695
[2021/02/08 15:26:40] Win Streak 2 Lose Streak 33 | Balance 0.39606206 Profit 0.00948963
[2021/02/08 15:30:19] Win Streak 2 Lose Streak 20 | Balance 0.40239959 Profit 0.00333113
[2021/02/08 15:31:57] Win Streak 2 Lose Streak 4 | Balance 0.40291459 Profit 0.000615
[2021/02/08 15:45:14] Win Streak 5 Lose Streak 29 | Balance 0.40811158 Profit 0.00529699
[2021/02/08 16:01:16] Win Streak 3 Lose Streak 19 | Balance 0.4229504 Profit 0.01547202
